<?xml version="1.0" encoding="UTF-8"?>
<testng-results ignored="0" total="1" passed="1" failed="0" skipped="0">
  <reporter-output>
  </reporter-output>
  <suite started-at="2024-10-29T20:25:55 IST" name="Default suite" finished-at="2024-10-29T20:26:23 IST" duration-ms="27413">
    <groups>
    </groups>
    <test started-at="2024-10-29T20:25:55 IST" name="Default test" finished-at="2024-10-29T20:26:23 IST" duration-ms="27413">
      <class name="testpkg.saucetest">
        <test-method is-config="true" signature="setUp()[pri:0, instance:testpkg.saucetest@2e8c1c9b]" started-at="2024-10-29T20:25:55 IST" name="setUp" finished-at="2024-10-29T20:26:05 IST" duration-ms="9939" status="PASS">
          <reporter-output>
          </reporter-output>
        </test-method> <!-- setUp -->
        <test-method signature="testdetails()[pri:0, instance:testpkg.saucetest@2e8c1c9b]" started-at="2024-10-29T20:26:05 IST" name="testdetails" finished-at="2024-10-29T20:26:23 IST" duration-ms="17229" status="PASS">
          <reporter-output>
          </reporter-output>
        </test-method> <!-- testdetails -->
      </class> <!-- testpkg.saucetest -->
    </test> <!-- Default test -->
  </suite> <!-- Default suite -->
</testng-results>
